Build started 10/16/2015 1:51:14 PM.
     1>Project "C:\Users\triznakj\Desktop\1516a-csse351-triznakj\Textures\ConsoleApplication1.vcxproj" on node 2 (Build target(s)).
     1>ClCompile:
         C:\Program Files (x86)\Microsoft Visual Studio 12.0\VC\bin\x86_amd64\CL.exe /c /Zi /nologo /W3 /WX- /Od /D WIN32 /D _DEBUG /D _CONSOLE /D _LIB /D _UNICODE /D UNICODE /Gm /EHsc /RTC1 /MDd /GS /fp:precise /Zc:wchar_t /Zc:forScope /Fo"x64\Debug\\" /Fd"x64\Debug\vc120.pdb" /Gd /TP /errorReport:prompt src\main.cpp
         main.cpp
     1>c:\users\triznakj\desktop\1516a-csse351-triznakj\textures\src\Model.h(185): warning C4244: 'argument' : conversion from 'int' to 'const float', possible loss of data
                 c:\users\triznakj\desktop\1516a-csse351-triznakj\textures\src\Model.h(62) : see reference to function template instantiation 'void Model::addAttr<std::vector<GLfloat,std::allocator<_Ty>>,int,int>(Container &,Value,int)' being compiled
                 with
                 [
                     _Ty=GLfloat
         ,            Container=std::vector<GLfloat,std::allocator<GLfloat>>
         ,            Value=int
                 ]
     1>c:\users\triznakj\desktop\1516a-csse351-triznakj\textures\src\Model.h(185): warning C4244: 'argument' : conversion from 'double' to 'const float', possible loss of data
                 c:\users\triznakj\desktop\1516a-csse351-triznakj\textures\src\Model.h(110) : see reference to function template instantiation 'void Model::addAttr<std::vector<GLfloat,std::allocator<_Ty>>,double,int>(Container &,Value,int)' being compiled
                 with
                 [
                     _Ty=GLfloat
         ,            Container=std::vector<GLfloat,std::allocator<GLfloat>>
         ,            Value=double
                 ]
     1>c:\users\triznakj\desktop\1516a-csse351-triznakj\textures\src\Model.h(179): warning C4244: 'argument' : conversion from 'int' to 'const float', possible loss of data
                 c:\users\triznakj\desktop\1516a-csse351-triznakj\textures\src\Model.h(186) : see reference to function template instantiation 'void Model::addAttr<Container,int>(Container &,Value)' being compiled
                 with
                 [
                     Container=std::vector<GLfloat,std::allocator<GLfloat>>
         ,            Value=int
                 ]
                 c:\users\triznakj\desktop\1516a-csse351-triznakj\textures\src\Model.h(62) : see reference to function template instantiation 'void Model::addAttr<std::vector<GLfloat,std::allocator<_Ty>>,int,int>(Container &,Value,int)' being compiled
                 with
                 [
                     _Ty=GLfloat
         ,            Container=std::vector<GLfloat,std::allocator<GLfloat>>
         ,            Value=int
                 ]
     1>c:\users\triznakj\desktop\1516a-csse351-triznakj\textures\src\Model.h(179): warning C4244: 'argument' : conversion from 'double' to 'const float', possible loss of data
                 c:\users\triznakj\desktop\1516a-csse351-triznakj\textures\src\Model.h(186) : see reference to function template instantiation 'void Model::addAttr<Container,double>(Container &,Value)' being compiled
                 with
                 [
                     Container=std::vector<GLfloat,std::allocator<GLfloat>>
         ,            Value=double
                 ]
                 c:\users\triznakj\desktop\1516a-csse351-triznakj\textures\src\Model.h(80) : see reference to function template instantiation 'void Model::addAttr<std::vector<GLfloat,std::allocator<_Ty>>,int,double>(Container &,Value,double)' being compiled
                 with
                 [
                     _Ty=GLfloat
         ,            Container=std::vector<GLfloat,std::allocator<GLfloat>>
         ,            Value=int
                 ]
       Link:
         C:\Program Files (x86)\Microsoft Visual Studio 12.0\VC\bin\x86_amd64\link.exe /ERRORREPORT:PROMPT /OUT:"C:\Users\triznakj\Desktop\1516a-csse351-triznakj\Textures\x64\Debug\ConsoleApplication1.exe" /INCREMENTAL /NOLOGO "sfml-graphics-d.lib" "sfml-window-d.lib" "sfml-system-d.lib" opengl32.lib winmm.lib gdi32.lib kernel32.lib user32.lib gdi32.lib winspool.lib comdlg32.lib advapi32.lib shell32.lib ole32.lib oleaut32.lib uuid.lib odbc32.lib odbccp32.lib /MANIFEST /MANIFESTUAC:"level='asInvoker' uiAccess='false'" /manifest:embed /DEBUG /PDB:"C:\Users\triznakj\Desktop\1516a-csse351-triznakj\Textures\x64\Debug\ConsoleApplication1.pdb" /SUBSYSTEM:CONSOLE /TLBID:1 /DYNAMICBASE /NXCOMPAT /IMPLIB:"C:\Users\triznakj\Desktop\1516a-csse351-triznakj\Textures\x64\Debug\ConsoleApplication1.lib" /MACHINE:X64 x64\Debug\gl3w.obj
         x64\Debug\glew.obj
         x64\Debug\main.obj
         x64\Debug\list.obj
         x64\Debug\objLoader.obj
         x64\Debug\obj_parser.obj
         x64\Debug\string_extra.obj
         ConsoleApplication1.vcxproj -> C:\Users\triznakj\Desktop\1516a-csse351-triznakj\Textures\x64\Debug\ConsoleApplication1.exe
     1>Done Building Project "C:\Users\triznakj\Desktop\1516a-csse351-triznakj\Textures\ConsoleApplication1.vcxproj" (Build target(s)).

Build succeeded.

Time Elapsed 00:00:13.70
